# JRE version: OpenJDK Runtime Environment (8.0_202-b08) (build 1.8.0_202-b08)
# Java VM: OpenJDK 64-Bit Server VM (25.202-b08 mixed mode linux-amd64 compressed oops)
Heap:
 PSYoungGen      total 1229824K, used 45172K [0x0000000719180000, 0x0000000770080000, 0x00000007c0000000)
  eden space 1064960K, 0% used [0x0000000719180000,0x0000000719180000,0x000000075a180000)
  from space 164864K, 27% used [0x000000075be80000,0x000000075ea9d2e8,0x0000000765f80000)
  to   space 131584K, 0% used [0x0000000768000000,0x0000000768000000,0x0000000770080000)
 ParOldGen       total 315392K, used 158881K [0x00000005cb400000, 0x00000005de800000, 0x0000000719180000)
  object space 315392K, 50% used [0x00000005cb400000,0x00000005d4f28460,0x00000005de800000)
 Metaspace       used 28334K, capacity 29918K, committed 30080K, reserved 1075200K
  class space    used 3348K, capacity 3659K, committed 3712K, reserved 1048576K
GC Heap History (10 events):
Event: 9.171 GC heap after
Heap after GC invocations=8 (full 1):
 PSYoungGen      total 451072K, used 45538K [0x0000000719180000, 0x0000000751580000, 0x00000007c0000000)
  eden space 405504K, 0% used [0x0000000719180000,0x0000000719180000,0x0000000731d80000)
  from space 45568K, 99% used [0x0000000731d80000,0x00000007349f8810,0x0000000734a00000)
  to   space 75264K, 0% used [0x000000074cc00000,0x000000074cc00000,0x0000000751580000)
 ParOldGen       total 153088K, used 66788K [0x00000005cb400000, 0x00000005d4980000, 0x0000000719180000)
  object space 153088K, 43% used [0x00000005cb400000,0x00000005cf5392d8,0x00000005d4980000)
 Metaspace       used 24842K, capacity 25778K, committed 26112K, reserved 1073152K
  class space    used 3020K, capacity 3211K, committed 3328K, reserved 1048576K
}
Event: 10.033 GC heap before
{Heap before GC invocations=9 (full 1):
 PSYoungGen      total 451072K, used 451042K [0x0000000719180000, 0x0000000751580000, 0x00000007c0000000)
  eden space 405504K, 100% used [0x0000000719180000,0x0000000731d80000,0x0000000731d80000)
  from space 45568K, 99% used [0x0000000731d80000,0x00000007349f8810,0x0000000734a00000)
  to   space 75264K, 0% used [0x000000074cc00000,0x000000074cc00000,0x0000000751580000)
 ParOldGen       total 153088K, used 66788K [0x00000005cb400000, 0x00000005d4980000, 0x0000000719180000)
  object space 153088K, 43% used [0x00000005cb400000,0x00000005cf5392d8,0x00000005d4980000)
 Metaspace       used 24859K, capacity 25778K, committed 26112K, reserved 1073152K
  class space    used 3021K, capacity 3211K, committed 3328K, reserved 1048576K
Event: 10.090 GC heap after
Heap after GC invocations=9 (full 1):
 PSYoungGen      total 814592K, used 75250K [0x0000000719180000, 0x0000000755800000, 0x00000007c0000000)
  eden space 739328K, 0% used [0x0000000719180000,0x0000000719180000,0x0000000746380000)
  from space 75264K, 99% used [0x000000074cc00000,0x000000075157c800,0x0000000751580000)
  to   space 107008K, 0% used [0x0000000746380000,0x0000000746380000,0x000000074cc00000)
 ParOldGen       total 153088K, used 105451K [0x00000005cb400000, 0x00000005d4980000, 0x0000000719180000)
  object space 153088K, 68% used [0x00000005cb400000,0x00000005d1afac28,0x00000005d4980000)
 Metaspace       used 24859K, capacity 25778K, committed 26112K, reserved 1073152K
  class space    used 3021K, capacity 3211K, committed 3328K, reserved 1048576K
}
Event: 11.626 GC heap before
{Heap before GC invocations=10 (full 1):
 PSYoungGen      total 814592K, used 814578K [0x0000000719180000, 0x0000000755800000, 0x00000007c0000000)
  eden space 739328K, 100% used [0x0000000719180000,0x0000000746380000,0x0000000746380000)
  from space 75264K, 99% used [0x000000074cc00000,0x000000075157c800,0x0000000751580000)
  to   space 107008K, 0% used [0x0000000746380000,0x0000000746380000,0x000000074cc00000)
 ParOldGen       total 153088K, used 105451K [0x00000005cb400000, 0x00000005d4980000, 0x0000000719180000)
  object space 153088K, 68% used [0x00000005cb400000,0x00000005d1afac28,0x00000005d4980000)
 Metaspace       used 27075K, capacity 28420K, committed 28672K, reserved 1075200K
  class space    used 3253K, capacity 3522K, committed 3584K, reserved 1048576K
Event: 11.732 GC heap after
Heap after GC invocations=10 (full 1):
 PSYoungGen      total 846336K, used 106992K [0x0000000719180000, 0x0000000770d80000, 0x00000007c0000000)
  eden space 739328K, 0% used [0x0000000719180000,0x0000000719180000,0x0000000746380000)
  from space 107008K, 99% used [0x0000000746380000,0x000000074cbfc140,0x000000074cc00000)
  to   space 144896K, 0% used [0x0000000768000000,0x0000000768000000,0x0000000770d80000)
 ParOldGen       total 153088K, used 149017K [0x00000005cb400000, 0x00000005d4980000, 0x0000000719180000)
  object space 153088K, 97% used [0x00000005cb400000,0x00000005d4586440,0x00000005d4980000)
 Metaspace       used 27075K, capacity 28420K, committed 28672K, reserved 1075200K
  class space    used 3253K, capacity 3522K, committed 3584K, reserved 1048576K
}
Event: 11.732 GC heap before
{Heap before GC invocations=11 (full 2):
 PSYoungGen      total 846336K, used 106992K [0x0000000719180000, 0x0000000770d80000, 0x00000007c0000000)
  eden space 739328K, 0% used [0x0000000719180000,0x0000000719180000,0x0000000746380000)
  from space 107008K, 99% used [0x0000000746380000,0x000000074cbfc140,0x000000074cc00000)
  to   space 144896K, 0% used [0x0000000768000000,0x0000000768000000,0x0000000770d80000)
 ParOldGen       total 153088K, used 149017K [0x00000005cb400000, 0x00000005d4980000, 0x0000000719180000)
  object space 153088K, 97% used [0x00000005cb400000,0x00000005d4586440,0x00000005d4980000)
 Metaspace       used 27075K, capacity 28420K, committed 28672K, reserved 1075200K
  class space    used 3253K, capacity 3522K, committed 3584K, reserved 1048576K
Event: 11.925 GC heap after
Heap after GC invocations=11 (full 2):
 PSYoungGen      total 846336K, used 0K [0x0000000719180000, 0x0000000770d80000, 0x00000007c0000000)
  eden space 739328K, 0% used [0x0000000719180000,0x0000000719180000,0x0000000746380000)
  from space 107008K, 0% used [0x0000000746380000,0x0000000746380000,0x000000074cc00000)
  to   space 144896K, 0% used [0x0000000768000000,0x0000000768000000,0x0000000770d80000)
 ParOldGen       total 315392K, used 82773K [0x00000005cb400000, 0x00000005de800000, 0x0000000719180000)
  object space 315392K, 26% used [0x00000005cb400000,0x00000005d04d5670,0x00000005de800000)
 Metaspace       used 27075K, capacity 28420K, committed 28672K, reserved 1075200K
  class space    used 3253K, capacity 3522K, committed 3584K, reserved 1048576K
}
Event: 14.723 GC heap before
{Heap before GC invocations=12 (full 2):
 PSYoungGen      total 846336K, used 739328K [0x0000000719180000, 0x0000000770d80000, 0x00000007c0000000)
  eden space 739328K, 100% used [0x0000000719180000,0x0000000746380000,0x0000000746380000)
  from space 107008K, 0% used [0x0000000746380000,0x0000000746380000,0x000000074cc00000)
  to   space 144896K, 0% used [0x0000000768000000,0x0000000768000000,0x0000000770d80000)
 ParOldGen       total 315392K, used 82773K [0x00000005cb400000, 0x00000005de800000, 0x0000000719180000)
  object space 315392K, 26% used [0x00000005cb400000,0x00000005d04d5670,0x00000005de800000)
 Metaspace       used 28009K, capacity 29502K, committed 29824K, reserved 1075200K
  class space    used 3320K, capacity 3605K, committed 3712K, reserved 1048576K
Event: 14.791 GC heap after
Heap after GC invocations=12 (full 2):
 PSYoungGen      total 1196544K, used 131241K [0x0000000719180000, 0x0000000770080000, 0x00000007c0000000)
  eden space 1064960K, 0% used [0x0000000719180000,0x0000000719180000,0x000000075a180000)
  from space 131584K, 99% used [0x0000000768000000,0x000000077002a740,0x0000000770080000)
  to   space 164864K, 0% used [0x000000075be80000,0x000000075be80000,0x0000000765f80000)
 ParOldGen       total 315392K, used 82781K [0x00000005cb400000, 0x00000005de800000, 0x0000000719180000)
  object space 315392K, 26% used [0x00000005cb400000,0x00000005d04d7670,0x00000005de800000)
 Metaspace       used 28009K, capacity 29502K, committed 29824K, reserved 1075200K
  class space    used 3320K, capacity 3605K, committed 3712K, reserved 1048576K
}
Event: 17.303 GC heap before
{Heap before GC invocations=13 (full 2):
 PSYoungGen      total 1196544K, used 1196201K [0x0000000719180000, 0x0000000770080000, 0x00000007c0000000)
  eden space 1064960K, 100% used [0x0000000719180000,0x000000075a180000,0x000000075a180000)
  from space 131584K, 99% used [0x0000000768000000,0x000000077002a740,0x0000000770080000)
  to   space 164864K, 0% used [0x000000075be80000,0x000000075be80000,0x0000000765f80000)
 ParOldGen       total 315392K, used 82781K [0x00000005cb400000, 0x00000005de800000, 0x0000000719180000)
  object space 315392K, 26% used [0x00000005cb400000,0x00000005d04d7670,0x00000005de800000)
 Metaspace       used 28334K, capacity 29918K, committed 30080K, reserved 1075200K
  class space    used 3348K, capacity 3659K, committed 3712K, reserved 1048576K

